0 info it worked if it ends with ok
1 verbose cli [ '/home/ubuntu/.nvm/versions/node/v4.6.1/bin/node',
1 verbose cli   '/home/ubuntu/.nvm/versions/node/v4.6.1/bin/npm',
1 verbose cli   'shrinkwrap' ]
2 info using npm@2.15.9
3 info using node@v4.6.1
4 verbose stack Error: Problems were encountered
4 verbose stack Please correct and try again.
4 verbose stack extraneous: bootstrap@3.3.7 /home/ubuntu/workspace/node_modules/bootstrap
4 verbose stack extraneous: aws-sdk@2.7.15 /home/ubuntu/workspace/node_modules/aws-sdk
4 verbose stack extraneous: jade@1.11.0 /home/ubuntu/workspace/node_modules/jade
4 verbose stack     at shrinkwrap_ (/home/ubuntu/.nvm/versions/node/v4.6.1/lib/node_modules/npm/lib/shrinkwrap.js:37:15)
4 verbose stack     at /home/ubuntu/.nvm/versions/node/v4.6.1/lib/node_modules/npm/lib/shrinkwrap.js:31:5
4 verbose stack     at /home/ubuntu/.nvm/versions/node/v4.6.1/lib/node_modules/npm/lib/ls.js:47:30
4 verbose stack     at /home/ubuntu/.nvm/versions/node/v4.6.1/lib/node_modules/npm/node_modules/read-installed/read-installed.js:142:5
4 verbose stack     at /home/ubuntu/.nvm/versions/node/v4.6.1/lib/node_modules/npm/node_modules/read-installed/read-installed.js:263:14
4 verbose stack     at cb (/home/ubuntu/.nvm/versions/node/v4.6.1/lib/node_modules/npm/node_modules/slide/lib/async-map.js:47:24)
4 verbose stack     at /home/ubuntu/.nvm/versions/node/v4.6.1/lib/node_modules/npm/node_modules/read-installed/read-installed.js:263:14
4 verbose stack     at cb (/home/ubuntu/.nvm/versions/node/v4.6.1/lib/node_modules/npm/node_modules/slide/lib/async-map.js:47:24)
4 verbose stack     at /home/ubuntu/.nvm/versions/node/v4.6.1/lib/node_modules/npm/node_modules/read-installed/read-installed.js:263:14
4 verbose stack     at cb (/home/ubuntu/.nvm/versions/node/v4.6.1/lib/node_modules/npm/node_modules/slide/lib/async-map.js:47:24)
5 verbose cwd /home/ubuntu/workspace
6 error Linux 4.2.0-c9
7 error argv "/home/ubuntu/.nvm/versions/node/v4.6.1/bin/node" "/home/ubuntu/.nvm/versions/node/v4.6.1/bin/npm" "shrinkwrap"
8 error node v4.6.1
9 error npm  v2.15.9
10 error Problems were encountered
10 error Please correct and try again.
10 error extraneous: bootstrap@3.3.7 /home/ubuntu/workspace/node_modules/bootstrap
10 error extraneous: aws-sdk@2.7.15 /home/ubuntu/workspace/node_modules/aws-sdk
10 error extraneous: jade@1.11.0 /home/ubuntu/workspace/node_modules/jade
11 error If you need help, you may report this error at:
11 error     <https://github.com/npm/npm/issues>
12 verbose exit [ 1, true ]
